0 info it worked if it ends with ok
1 verbose cli [ 'node', '/usr/bin/npm', 'install', '-g', 'bower' ]
2 info using npm@2.7.5
3 info using node@v0.10.33
4 verbose node symlink /usr/bin/node
5 silly cache add args [ 'bower', null ]
6 verbose cache add spec bower
7 silly cache add parsed spec { raw: 'bower',
7 silly cache add   scope: null,
7 silly cache add   name: 'bower',
7 silly cache add   rawSpec: '',
7 silly cache add   spec: '*',
7 silly cache add   type: 'range' }
8 verbose addNamed bower@*
9 silly addNamed semver.valid null
10 silly addNamed semver.validRange *
11 silly addNameRange { name: 'bower', range: '*', hasData: false }
12 silly mapToRegistry name bower
13 silly mapToRegistry using default registry
14 silly mapToRegistry registry https://registry.npmjs.org/
15 silly mapToRegistry uri https://registry.npmjs.org/bower
16 verbose addNameRange registry:https://registry.npmjs.org/bower not in flight; fetching
17 verbose request uri https://registry.npmjs.org/bower
18 verbose request no auth needed
19 info attempt registry request try #1 at 17:19:03
20 verbose request id d048305111db720b
21 verbose etag "EURC701WVJOXROOQOARPZ2WT5"
22 http request GET https://registry.npmjs.org/bower
23 http 200 https://registry.npmjs.org/bower
24 silly get cb [ 200,
24 silly get   { server: 'CouchDB/1.5.0 (Erlang OTP/R16B03)',
24 silly get     etag: '"841KH7DU7F4OGDN3QIC56ZUSN"',
24 silly get     'content-type': 'application/json',
24 silly get     'content-encoding': 'gzip',
24 silly get     'cache-control': 'max-age=300',
24 silly get     'content-length': '20421',
24 silly get     'accept-ranges': 'bytes',
24 silly get     date: 'Thu, 05 May 2016 15:19:00 GMT',
24 silly get     via: '1.1 varnish',
24 silly get     age: '2',
24 silly get     connection: 'keep-alive',
24 silly get     'x-served-by': 'cache-fra1236-FRA',
24 silly get     'x-cache': 'HIT',
24 silly get     'x-cache-hits': '1',
24 silly get     'x-timer': 'S1462461540.929449,VS0,VE0',
24 silly get     vary: 'Accept-Encoding' } ]
25 verbose get saving bower to /home/pablo/.npm/registry.npmjs.org/bower/.cache.json
26 silly addNameRange number 2 { name: 'bower', range: '*', hasData: true }
27 silly addNameRange versions [ 'bower',
27 silly addNameRange   [ '0.1.0',
27 silly addNameRange     '0.1.2',
27 silly addNameRange     '0.1.3',
27 silly addNameRange     '0.2.0',
27 silly addNameRange     '0.3.0',
27 silly addNameRange     '0.3.1',
27 silly addNameRange     '0.3.2',
27 silly addNameRange     '0.4.0',
27 silly addNameRange     '0.5.0',
27 silly addNameRange     '0.5.1',
27 silly addNameRange     '0.6.0',
27 silly addNameRange     '0.6.1',
27 silly addNameRange     '0.6.2',
27 silly addNameRange     '0.6.3',
27 silly addNameRange     '0.6.4',
27 silly addNameRange     '0.6.5',
27 silly addNameRange     '0.6.6',
27 silly addNameRange     '0.6.7',
27 silly addNameRange     '0.6.8',
27 silly addNameRange     '0.7.0',
27 silly addNameRange     '0.7.1',
27 silly addNameRange     '0.8.0',
27 silly addNameRange     '0.8.1',
27 silly addNameRange     '0.8.2',
27 silly addNameRange     '0.8.3',
27 silly addNameRange     '0.8.4',
27 silly addNameRange     '0.8.5',
27 silly addNameRange     '0.8.6',
27 silly addNameRange     '0.9.0',
27 silly addNameRange     '0.9.1',
27 silly addNameRange     '0.9.2',
27 silly addNameRange     '0.10.0',
27 silly addNameRange     '1.0.0',
27 silly addNameRange     '1.0.1',
27 silly addNameRange     '1.0.2',
27 silly addNameRange     '1.0.3',
27 silly addNameRange     '1.1.0',
27 silly addNameRange     '1.1.1',
27 silly addNameRange     '1.1.2',
27 silly addNameRange     '1.2.0',
27 silly addNameRange     '1.2.1',
27 silly addNameRange     '1.2.2',
27 silly addNameRange     '1.2.3',
27 silly addNameRange     '1.2.4',
27 silly addNameRange     '1.2.5',
27 silly addNameRange     '1.2.6',
27 silly addNameRange     '1.2.7',
27 silly addNameRange     '1.2.8',
27 silly addNameRange     '1.3.0',
27 silly addNameRange     '1.3.1',
27 silly addNameRange     '1.3.2',
27 silly addNameRange     '1.3.3',
27 silly addNameRange     '1.3.4',
27 silly addNameRange     '1.3.5',
27 silly addNameRange     '1.3.6',
27 silly addNameRange     '1.3.7',
27 silly addNameRange     '1.3.8',
27 silly addNameRange     '1.3.9',
27 silly addNameRange     '1.3.10',
27 silly addNameRange     '1.3.11',
27 silly addNameRange     '1.3.12',
27 silly addNameRange     '1.4.0',
27 silly addNameRange     '1.4.1',
27 silly addNameRange     '1.5.0',
27 silly addNameRange     '1.5.1',
27 silly addNameRange     '1.5.2',
27 silly addNameRange     '1.5.3',
27 silly addNameRange     '1.6.2',
27 silly addNameRange     '1.6.3',
27 silly addNameRange     '1.6.4',
27 silly addNameRange     '1.6.5',
27 silly addNameRange     '1.5.4',
27 silly addNameRange     '1.4.2',
27 silly addNameRange     '1.6.6',
27 silly addNameRange     '1.6.7',
27 silly addNameRange     '1.6.8',
27 silly addNameRange     '1.6.9',
27 silly addNameRange     '1.7.0',
27 silly addNameRange     '1.7.1',
27 silly addNameRange     '1.7.2',
27 silly addNameRange     '1.7.5',
27 silly addNameRange     '1.7.6',
27 silly addNameRange     '1.7.7',
27 silly addNameRange     '1.7.8',
27 silly addNameRange     '1.7.9' ] ]
28 verbose addNamed bower@1.7.9
29 silly addNamed semver.valid 1.7.9
30 silly addNamed semver.validRange 1.7.9
31 silly mapToRegistry name bower
32 silly mapToRegistry using default registry
33 silly mapToRegistry registry https://registry.npmjs.org/
34 silly mapToRegistry uri https://registry.npmjs.org/bower
35 verbose addRemoteTarball https://registry.npmjs.org/bower/-/bower-1.7.9.tgz not in flight; adding
36 verbose addRemoteTarball [ 'https://registry.npmjs.org/bower/-/bower-1.7.9.tgz',
36 verbose addRemoteTarball   'b7296c2393e0d75edaa6ca39648132dd255812b0' ]
37 info retry fetch attempt 1 at 17:19:04
38 info attempt registry request try #1 at 17:19:04
39 http fetch GET https://registry.npmjs.org/bower/-/bower-1.7.9.tgz
40 http fetch 200 https://registry.npmjs.org/bower/-/bower-1.7.9.tgz
41 silly fetchAndShaCheck shasum b7296c2393e0d75edaa6ca39648132dd255812b0
42 verbose addTmpTarball /tmp/npm-8831-b2bcfdc7/registry.npmjs.org/bower/-/bower-1.7.9.tgz not in flight; adding
43 verbose addTmpTarball already have metadata; skipping unpack for bower@1.7.9
44 silly cache afterAdd bower@1.7.9
45 verbose afterAdd /home/pablo/.npm/bower/1.7.9/package/package.json not in flight; writing
46 verbose afterAdd /home/pablo/.npm/bower/1.7.9/package/package.json written
47 silly install resolved [ { name: 'bower',
47 silly install resolved     version: '1.7.9',
47 silly install resolved     description: 'The browser package manager',
47 silly install resolved     author: { name: 'Twitter' },
47 silly install resolved     license: 'MIT',
47 silly install resolved     repository: { type: 'git', url: 'git+https://github.com/bower/bower.git' },
47 silly install resolved     main: 'lib',
47 silly install resolved     bin: { bower: 'bin/bower' },
47 silly install resolved     homepage: 'http://bower.io',
47 silly install resolved     engines: { node: '>=0.10.0' },
47 silly install resolved     keywords: [ 'bower' ],
47 silly install resolved     files: [ 'bin', 'lib' ],
47 silly install resolved     bugs: { url: 'https://github.com/bower/bower/issues' },
47 silly install resolved     _id: 'bower@1.7.9',
47 silly install resolved     scripts: {},
47 silly install resolved     _shasum: 'b7296c2393e0d75edaa6ca39648132dd255812b0',
47 silly install resolved     _from: 'bower@*',
47 silly install resolved     _npmVersion: '3.7.3',
47 silly install resolved     _nodeVersion: '5.9.0',
47 silly install resolved     _npmUser: { name: 'sheerun', email: 'sheerun@sher.pl' },
47 silly install resolved     dist:
47 silly install resolved      { shasum: 'b7296c2393e0d75edaa6ca39648132dd255812b0',
47 silly install resolved        tarball: 'https://registry.npmjs.org/bower/-/bower-1.7.9.tgz' },
47 silly install resolved     maintainers:
47 silly install resolved      [ [Object],
47 silly install resolved        [Object],
47 silly install resolved        [Object],
47 silly install resolved        [Object],
47 silly install resolved        [Object],
47 silly install resolved        [Object],
47 silly install resolved        [Object] ],
47 silly install resolved     _npmOperationalInternal:
47 silly install resolved      { host: 'packages-12-west.internal.npmjs.com',
47 silly install resolved        tmp: 'tmp/bower-1.7.9.tgz_1459857239351_0.9720134933013469' },
47 silly install resolved     directories: {},
47 silly install resolved     _resolved: 'https://registry.npmjs.org/bower/-/bower-1.7.9.tgz' } ]
48 info install bower@1.7.9 into /usr/lib
49 info installOne bower@1.7.9
50 verbose installOne of bower to /usr/lib not in flight; installing
51 verbose lock using /home/pablo/.npm/_locks/bower-f46d670cb56ecd4d.lock for /usr/lib/node_modules/bower
52 silly install write writing bower 1.7.9 to /usr/lib/node_modules/bower
53 silly cache addNamed cb bower@1.7.9
54 verbose unbuild lib/node_modules/bower
55 info preuninstall bower@1.3.12
56 info uninstall bower@1.3.12
57 verbose unbuild rmStuff bower@1.3.12 from /usr/lib/node_modules
58 silly gentlyRm /usr/bin/bower is being gently removed
59 silly gentlyRm verifying /usr is an npm working directory
60 silly gentlyRm containing path /usr is under npm's control, in /usr
61 silly gentlyRm deletion target /usr/bin/bower is under /usr
62 verbose gentlyRm vacuuming from /usr/bin/bower up to /usr
63 silly vacuum-fs removing /usr/bin/bower
64 verbose unlock done using /home/pablo/.npm/_locks/bower-f46d670cb56ecd4d.lock for /usr/lib/node_modules/bower
65 verbose stack Error: EACCES, unlink '/usr/bin/bower'
66 verbose cwd /home/pablo/Documentos/instituto/ProyectosFinalesDAW
67 error Linux 3.13.0-39-generic
68 error argv "node" "/usr/bin/npm" "install" "-g" "bower"
69 error node v0.10.33
70 error npm  v2.7.5
71 error path /usr/bin/bower
72 error code EACCES
73 error errno 3
74 error Error: EACCES, unlink '/usr/bin/bower'
74 error  { [Error: EACCES, unlink '/usr/bin/bower'] errno: 3, code: 'EACCES', path: '/usr/bin/bower' }
75 error Please try running this command again as root/Administrator.
76 verbose exit [ 3, true ]
77 verbose unbuild lib/node_modules/bower
78 info preuninstall bower@1.3.12
79 info uninstall bower@1.3.12
80 verbose unbuild rmStuff bower@1.3.12 from /usr/lib/node_modules
81 silly gentlyRm /usr/bin/bower is being gently removed
82 silly gentlyRm verifying /usr is an npm working directory
83 silly gentlyRm containing path /usr is under npm's control, in /usr
84 silly gentlyRm deletion target /usr/bin/bower is under /usr
85 verbose gentlyRm vacuuming from /usr/bin/bower up to /usr
86 silly vacuum-fs removing /usr/bin/bower
87 error error rolling back Error: EACCES, unlink '/usr/bin/bower'
87 error error rolling back  { [Error: EACCES, unlink '/usr/bin/bower'] errno: 3, code: 'EACCES', path: '/usr/bin/bower' }
